\BOOKMARK [0][]{chapter*.5}{\376\377\000I\000n\000t\000r\000o\000d\000u\000c\000t\000i\000o\000n}{}% 1
\BOOKMARK [1][-]{section.0.1}{\376\377\0001\000\040\000C\000o\000n\000c\000e\000r\000n\000s}{chapter*.5}% 2
\BOOKMARK [2][-]{subsection.0.1.1}{\376\377\0001\000.\0001\000\040\000S\000e\000c\000u\000r\000i\000t\000y}{section.0.1}% 3
\BOOKMARK [2][-]{subsection.0.1.2}{\376\377\0001\000.\0002\000\040\000D\000a\000t\000a\000\040\000P\000r\000i\000v\000a\000c\000y}{section.0.1}% 4
\BOOKMARK [2][-]{subsection.0.1.3}{\376\377\0001\000.\0003\000\040\000R\000O\000I}{section.0.1}% 5
\BOOKMARK [2][-]{subsection.0.1.4}{\376\377\0001\000.\0004\000\040\000I\000m\000p\000l\000e\000m\000e\000n\000t\000a\000t\000i\000o\000n\000\040\000C\000o\000s\000t}{section.0.1}% 6
\BOOKMARK [2][-]{subsection.0.1.5}{\376\377\0001\000.\0005\000\040\000I\000n\000t\000e\000g\000r\000a\000t\000i\000o\000n\000\040\000I\000s\000s\000u\000e\000s}{section.0.1}% 7
\BOOKMARK [2][-]{subsection.0.1.6}{\376\377\0001\000.\0006\000\040\000S\000y\000s\000t\000e\000m\000\040\000Q\000u\000a\000l\000i\000t\000y}{section.0.1}% 8
\BOOKMARK [2][-]{subsection.0.1.7}{\376\377\0001\000.\0007\000\040\000R\000e\000s\000o\000u\000r\000c\000e\000\040\000C\000o\000m\000p\000a\000r\000i\000s\000i\000o\000n\000s}{section.0.1}% 9
\BOOKMARK [0][]{chapter*.9}{\376\377\000B\000a\000c\000k\000g\000r\000o\000u\000n\000d}{}% 10
\BOOKMARK [1][-]{section.0.1}{\376\377\0001\000\040\000S\0003}{chapter*.9}% 11
\BOOKMARK [2][-]{subsection.0.1.1}{\376\377\0001\000.\0001\000\040\000A\000d\000v\000a\000n\000t\000a\000g\000e\000s\000:}{section.0.1}% 12
\BOOKMARK [1][-]{section.0.2}{\376\377\0002\000\040\000D\000y\000n\000a\000m\000o\000\040\000D\000B}{chapter*.9}% 13
\BOOKMARK [2][-]{subsection.0.2.1}{\376\377\0002\000.\0001\000\040\000A\000d\000v\000a\000n\000t\000a\000g\000e\000s\000:}{section.0.2}% 14
\BOOKMARK [1][-]{section.0.3}{\376\377\0003\000\040\000E\000l\000a\000s\000t\000i\000c\000\040\000C\000o\000m\000p\000u\000t\000e\000\040\000C\000l\000o\000u\000d\000\040\000\050\000E\000C\0002\000\051}{chapter*.9}% 15
\BOOKMARK [2][-]{subsection.0.3.1}{\376\377\0003\000.\0001\000\040\000A\000d\000v\000a\000n\000t\000a\000g\000e\000s\000:}{section.0.3}% 16
\BOOKMARK [1][-]{section.0.4}{\376\377\0004\000\040\000E\000l\000a\000s\000t\000i\000c\000\040\000C\000o\000m\000p\000u\000t\000e\000\040\000C\000l\000o\000u\000d\000\040\000\050\000E\000C\0002\000\051}{chapter*.9}% 17
\BOOKMARK [2][-]{subsection.0.4.1}{\376\377\0004\000.\0001\000\040\000A\000d\000v\000a\000n\000t\000a\000g\000e\000s\000:}{section.0.4}% 18
\BOOKMARK [1][-]{section.0.5}{\376\377\0005\000\040\000A\000z\000u\000r\000e\000\040\000S\000Q\000L\000\040\000D\000a\000t\000a\000b\000a\000s\000e}{chapter*.9}% 19
\BOOKMARK [2][-]{subsection.0.5.1}{\376\377\0005\000.\0001\000\040\000A\000d\000v\000a\000n\000t\000a\000g\000e\000s\000:}{section.0.5}% 20
\BOOKMARK [0][]{chapter*.10}{\376\377\000A\000p\000p\000r\000o\000a\000c\000h}{}% 21
\BOOKMARK [1][-]{section.0.1}{\376\377\0001\000\040\000U\000s\000i\000n\000g\000\040\000A\000z\000u\000r\000e\000D\000a\000t\000a\000F\000a\000c\000t\000o\000r\000y\000\040\000a\000n\000d\000\040\000A\000z\000u\000r\000e\000\040\000S\000Q\000L\000\040\000D\000a\000t\000a\000b\000a\000s\000e}{chapter*.10}% 22
\BOOKMARK [1][-]{section.0.2}{\376\377\0002\000\040\000U\000s\000i\000n\000g\000\040\000S\0003\000\040\040\023\000>\000\040\000L\000a\000m\000b\000d\000a\000\040\040\023\000>\000\040\000D\000y\000n\000a\000m\000o\000D\000B}{chapter*.10}% 23
\BOOKMARK [1][-]{section.0.3}{\376\377\0003\000\040\000U\000s\000i\000n\000g\000\040\000A\000W\000S\000/\000G\000o\000o\000g\000l\000e\000\040\040\023\000>\000\040\000A\000z\000u\000r\000e\000S\000Q\000L\000D\000B}{chapter*.10}% 24
\BOOKMARK [0][]{chapter*.11}{\376\377\000E\000x\000p\000e\000r\000i\000m\000e\000n\000t\000s}{}% 25
\BOOKMARK [1][-]{section.0.1}{\376\377\0001\000\040\000A\000z\000u\000r\000e\000\040\000D\000a\000t\000a\000\040\000F\000a\000c\000t\000o\000r\000y\000\040\000a\000n\000d\000\040\000S\000Q\000L\000\040\000D\000a\000t\000a\000b\000a\000s\000e}{chapter*.11}% 26
\BOOKMARK [1][-]{section.0.2}{\376\377\0002\000\040\000S\0003\000\040\040\023\000>\000\040\000L\000a\000m\000b\000d\000a\000\040\040\023\000>\000\040\000D\000y\000n\000a\000m\000o\000D\000B}{chapter*.11}% 27
\BOOKMARK [1][-]{section.0.3}{\376\377\0003\000\040\000A\000W\000S\000/\000G\000o\000o\000g\000l\000e\000\040\000C\000l\000o\000u\000d\000\040\040\023\000>\000\040\000A\000z\000u\000r\000e\000\040\000S\000Q\000L\000\040\000D\000a\000t\000a\000b\000a\000s\000e}{chapter*.11}% 28
\BOOKMARK [2][-]{subsection.0.3.1}{\376\377\0003\000.\0001\000\040\000O\000p\000e\000r\000a\000t\000i\000o\000n\000s}{section.0.3}% 29
\BOOKMARK [0][]{chapter*.15}{\376\377\000C\000o\000n\000c\000l\000u\000s\000i\000o\000n}{}% 30
